<?xml version="1.0" encoding="UTF-8"?>
<!-- Generated by org.testng.reporters.JUnitReportReporter -->
<testsuite skipped="0" hostname="GM-PC" name="Tests.CheckoutTest" tests="1" failures="0" timestamp="2021-06-06T21:07:34 CEST" time="8.098" errors="0">
  <testcase name="checkoutWhenLogInTest" time="8.098" classname="Tests.CheckoutTest"/>
  <system-out/>
</testsuite> <!-- Tests.CheckoutTest -->
