<?xml version="1.0" encoding="UTF-8"?>
<!-- Generated by org.testng.reporters.JUnitReportReporter -->
<testsuite skipped="0" hostname="GM-PC" name="Tests.CartTest" tests="1" failures="0" timestamp="2021-06-03T18:31:02 CEST" time="10.857" errors="0">
  <testcase name="addProductToCartTest" time="10.857" classname="Tests.CartTest"/>
  <system-out/>
</testsuite> <!-- Tests.CartTest -->
