<?xml version="1.0" encoding="UTF-8"?>
<!-- Generated by org.testng.reporters.JUnitReportReporter -->
<testsuite skipped="0" hostname="GM-PC" name="TestNG.Osnove" tests="3" failures="0" timestamp="2021-06-15T00:21:24 CEST" time="0.013" errors="0">
  <testcase name="test3" time="0.006" classname="TestNG.Osnove"/>
  <system-out/>
  <testcase name="test2" time="0.006" classname="TestNG.Osnove"/>
  <system-out/>
  <testcase name="test1" time="0.001" classname="TestNG.Osnove"/>
  <system-out/>
</testsuite> <!-- TestNG.Osnove -->
