<?xml version="1.0" encoding="UTF-8"?>
<!-- Generated by org.testng.reporters.JUnitReportReporter -->
<testsuite skipped="0" hostname="GM-PC" name="Tests.ShopTest" tests="2" failures="0" timestamp="2021-06-02T17:56:55 CEST" time="7.997" errors="0">
  <testcase name="searchForNotExistingItem" time="5.094" classname="Tests.ShopTest"/>
  <system-out/>
  <testcase name="searchingForHappyNinja" time="2.903" classname="Tests.ShopTest"/>
  <system-out/>
</testsuite> <!-- Tests.ShopTest -->
