<?xml version="1.0" encoding="UTF-8"?>
<!-- Generated by org.testng.reporters.JUnitReportReporter -->
<testsuite skipped="0" hostname="GM-PC" name="test5tests.LogInTests" tests="1" failures="0" timestamp="2021-06-07T18:24:06 CEST" time="2.334" errors="0">
  <testcase name="logInValidCredentials" time="2.334" classname="test5tests.LogInTests"/>
  <system-out/>
</testsuite> <!-- test5tests.LogInTests -->
