<?xml version="1.0" encoding="UTF-8"?>
<!-- Generated by org.testng.reporters.JUnitReportReporter -->
<testsuite skipped="0" hostname="GM-PC" name="TestNG.Vezba1" tests="4" failures="0" timestamp="2021-06-02T14:42:03 CEST" time="18.489" errors="0">
  <testcase name="logIn" time="4.058" classname="TestNG.Vezba1"/>
  <system-out/>
  <testcase name="logInPogresanPassword" time="3.983" classname="TestNG.Vezba1"/>
  <system-out/>
  <testcase name="logInPogresanUserName" time="3.939" classname="TestNG.Vezba1"/>
  <system-out/>
  <testcase name="logInPrazan" time="6.509" classname="TestNG.Vezba1"/>
  <system-out/>
</testsuite> <!-- TestNG.Vezba1 -->
