<?xml version="1.0" encoding="UTF-8"?>
<!-- Generated by org.testng.reporters.JUnitReportReporter -->
<testsuite skipped="0" hostname="GM-PC" name="test5tests.Tests" tests="2" failures="0" timestamp="2021-06-07T19:42:03 CEST" time="6.263" errors="0">
  <testcase name="orderingTest" time="4.643" classname="test5tests.Tests"/>
  <system-out/>
  <testcase name="logInTest" time="1.620" classname="test5tests.Tests"/>
  <system-out/>
</testsuite> <!-- test5tests.Tests -->
