<?xml version="1.0" encoding="UTF-8"?>
<!-- Generated by org.testng.reporters.JUnitReportReporter -->
<testsuite skipped="0" hostname="GM-PC" name="Domaci_Tests.LogInTest" tests="1" failures="0" timestamp="2021-06-05T18:11:52 CEST" time="12.134" errors="0">
  <testcase name="logInInvalidEmailValidPassword" time="12.134" classname="Domaci_Tests.LogInTest"/>
  <system-out/>
</testsuite> <!-- Domaci_Tests.LogInTest -->
