<?xml version="1.0" encoding="UTF-8"?>
<!-- Generated by org.testng.reporters.JUnitReportReporter -->
<testsuite skipped="0" hostname="GM-PC" name="TestNG.Primer" tests="1" failures="0" timestamp="2021-06-15T00:24:22 CEST" time="10.454" errors="0">
  <testcase name="test" time="10.454" classname="TestNG.Primer"/>
  <system-out/>
</testsuite> <!-- TestNG.Primer -->
